<?xml version="1.0" encoding="UTF-8"?>
<!-- Generated by org.testng.reporters.JUnitXMLReporter -->
<testsuite hostname="Ilhans-MBP.fios-router.home" name="Google Test" tests="4" failures="0" timestamp="17 Sep 2019 04:32:48 GMT" time="25.938" errors="0">
  <testcase name="googleTitleTest_2" time="19.566" classname="MyTest.GoogleTest"/>
  <testcase name="googleTitleTest_3" time="20.5" classname="MyTest.GoogleTest"/>
  <testcase name="googleTitleTest_4" time="16.215" classname="MyTest.GoogleTest"/>
  <testcase name="googleTitleTest_1" time="1.14" classname="MyTest.GoogleTest"/>
</testsuite> <!-- Google Test -->
