<?xml version="1.0" encoding="UTF-8"?>
<!-- Generated by org.testng.reporters.JUnitXMLReporter -->
<testsuite hostname="Ilhans-MBP.fios-router.home" name="Google Test" tests="4" failures="0" timestamp="13 Nov 2019 06:16:06 GMT" time="26.519" errors="0">
  <testcase name="googleTitleTest_2" time="10.412" classname="MyTest.GoogleTest"/>
  <testcase name="googleTitleTest_1" time="23.571" classname="MyTest.GoogleTest"/>
  <testcase name="googleTitleTest_3" time="7.847" classname="MyTest.GoogleTest"/>
  <testcase name="googleTitleTest_4" time="1.049" classname="MyTest.GoogleTest"/>
</testsuite> <!-- Google Test -->
