<?xml version="1.0" encoding="UTF-8"?>
<testng-results skipped="0" failed="0" total="6" passed="6">
  <reporter-output>
  </reporter-output>
  <suite name="Thread Local Test Sanity Suite" duration-ms="26519" started-at="2019-11-13T06:15:39Z" finished-at="2019-11-13T06:16:06Z">
    <groups>
    </groups>
    <test name="Facebook Test" duration-ms="25584" started-at="2019-11-13T06:15:39Z" finished-at="2019-11-13T06:16:05Z">
      <class name="MyTest.FacebookTest">
        <test-method status="PASS" signature="setUp(java.lang.String)[pri:0, instance:MyTest.FacebookTest@1d251891]" name="setUp" is-config="true" duration-ms="13801" started-at="2019-11-13T01:15:39Z" finished-at="2019-11-13T01:15:53Z">
          <params>
            <param index="0">
              <value>
                <![CDATA[firefox]]>
              </value>
            </param>
          </params>
          <reporter-output>
          </reporter-output>
        </test-method> <!-- setUp -->
        <test-method status="PASS" signature="setUp(java.lang.String)[pri:0, instance:MyTest.FacebookTest@1d251891]" name="setUp" is-config="true" duration-ms="17453" started-at="2019-11-13T01:15:39Z" finished-at="2019-11-13T01:15:57Z">
          <params>
            <param index="0">
              <value>
                <![CDATA[firefox]]>
              </value>
            </param>
          </params>
          <reporter-output>
          </reporter-output>
        </test-method> <!-- setUp -->
        <test-method status="PASS" signature="facebookTitleTest_2()[pri:0, instance:MyTest.FacebookTest@1d251891]" name="facebookTitleTest_2" duration-ms="11628" started-at="2019-11-13T01:15:53Z" finished-at="2019-11-13T01:16:05Z">
          <reporter-output>
          </reporter-output>
        </test-method> <!-- facebookTitleTest_2 -->
        <test-method status="PASS" signature="facebookTitleTest_1()[pri:0, instance:MyTest.FacebookTest@1d251891]" name="facebookTitleTest_1" duration-ms="7899" started-at="2019-11-13T01:15:57Z" finished-at="2019-11-13T01:16:05Z">
          <reporter-output>
          </reporter-output>
        </test-method> <!-- facebookTitleTest_1 -->
        <test-method status="PASS" signature="tearDown()[pri:0, instance:MyTest.FacebookTest@1d251891]" name="tearDown" is-config="true" duration-ms="80" started-at="2019-11-13T01:16:05Z" finished-at="2019-11-13T01:16:05Z">
          <reporter-output>
          </reporter-output>
        </test-method> <!-- tearDown -->
        <test-method status="PASS" signature="tearDown()[pri:0, instance:MyTest.FacebookTest@1d251891]" name="tearDown" is-config="true" duration-ms="139" started-at="2019-11-13T01:16:05Z" finished-at="2019-11-13T01:16:05Z">
          <reporter-output>
          </reporter-output>
        </test-method> <!-- tearDown -->
      </class> <!-- MyTest.FacebookTest -->
    </test> <!-- Facebook Test -->
    <test name="Google Test" duration-ms="26519" started-at="2019-11-13T06:15:39Z" finished-at="2019-11-13T06:16:06Z">
      <class name="MyTest.GoogleTest">
        <test-method status="PASS" signature="setUp(java.lang.String)[pri:0, instance:MyTest.GoogleTest@66d33a]" name="setUp" is-config="true" duration-ms="1815" started-at="2019-11-13T01:15:39Z" finished-at="2019-11-13T01:15:41Z">
          <params>
            <param index="0">
              <value>
                <![CDATA[chrome]]>
              </value>
            </param>
          </params>
          <reporter-output>
          </reporter-output>
        </test-method> <!-- setUp -->
        <test-method status="PASS" signature="setUp(java.lang.String)[pri:0, instance:MyTest.GoogleTest@66d33a]" name="setUp" is-config="true" duration-ms="14940" started-at="2019-11-13T01:15:39Z" finished-at="2019-11-13T01:15:54Z">
          <params>
            <param index="0">
              <value>
                <![CDATA[chrome]]>
              </value>
            </param>
          </params>
          <reporter-output>
          </reporter-output>
        </test-method> <!-- setUp -->
        <test-method status="PASS" signature="setUp(java.lang.String)[pri:0, instance:MyTest.GoogleTest@66d33a]" name="setUp" is-config="true" duration-ms="18508" started-at="2019-11-13T01:15:39Z" finished-at="2019-11-13T01:15:58Z">
          <params>
            <param index="0">
              <value>
                <![CDATA[chrome]]>
              </value>
            </param>
          </params>
          <reporter-output>
          </reporter-output>
        </test-method> <!-- setUp -->
        <test-method status="PASS" signature="setUp(java.lang.String)[pri:0, instance:MyTest.GoogleTest@66d33a]" name="setUp" is-config="true" duration-ms="25342" started-at="2019-11-13T01:15:39Z" finished-at="2019-11-13T01:16:05Z">
          <params>
            <param index="0">
              <value>
                <![CDATA[chrome]]>
              </value>
            </param>
          </params>
          <reporter-output>
          </reporter-output>
        </test-method> <!-- setUp -->
        <test-method status="PASS" signature="googleTitleTest_1()[pri:0, instance:MyTest.GoogleTest@66d33a]" name="googleTitleTest_1" duration-ms="23571" started-at="2019-11-13T01:15:41Z" finished-at="2019-11-13T01:16:05Z">
          <reporter-output>
          </reporter-output>
        </test-method> <!-- googleTitleTest_1 -->
        <test-method status="PASS" signature="googleTitleTest_2()[pri:0, instance:MyTest.GoogleTest@66d33a]" name="googleTitleTest_2" duration-ms="10412" started-at="2019-11-13T01:15:54Z" finished-at="2019-11-13T01:16:05Z">
          <reporter-output>
          </reporter-output>
        </test-method> <!-- googleTitleTest_2 -->
        <test-method status="PASS" signature="googleTitleTest_3()[pri:0, instance:MyTest.GoogleTest@66d33a]" name="googleTitleTest_3" duration-ms="7847" started-at="2019-11-13T01:15:58Z" finished-at="2019-11-13T01:16:06Z">
          <reporter-output>
          </reporter-output>
        </test-method> <!-- googleTitleTest_3 -->
        <test-method status="PASS" signature="googleTitleTest_4()[pri:0, instance:MyTest.GoogleTest@66d33a]" name="googleTitleTest_4" duration-ms="1049" started-at="2019-11-13T01:16:05Z" finished-at="2019-11-13T01:16:06Z">
          <reporter-output>
          </reporter-output>
        </test-method> <!-- googleTitleTest_4 -->
        <test-method status="PASS" signature="tearDown()[pri:0, instance:MyTest.GoogleTest@66d33a]" name="tearDown" is-config="true" duration-ms="133" started-at="2019-11-13T01:16:05Z" finished-at="2019-11-13T01:16:05Z">
          <reporter-output>
          </reporter-output>
        </test-method> <!-- tearDown -->
        <test-method status="PASS" signature="tearDown()[pri:0, instance:MyTest.GoogleTest@66d33a]" name="tearDown" is-config="true" duration-ms="182" started-at="2019-11-13T01:16:05Z" finished-at="2019-11-13T01:16:05Z">
          <reporter-output>
          </reporter-output>
        </test-method> <!-- tearDown -->
        <test-method status="PASS" signature="tearDown()[pri:0, instance:MyTest.GoogleTest@66d33a]" name="tearDown" is-config="true" duration-ms="72" started-at="2019-11-13T01:16:06Z" finished-at="2019-11-13T01:16:06Z">
          <reporter-output>
          </reporter-output>
        </test-method> <!-- tearDown -->
        <test-method status="PASS" signature="tearDown()[pri:0, instance:MyTest.GoogleTest@66d33a]" name="tearDown" is-config="true" duration-ms="114" started-at="2019-11-13T01:16:06Z" finished-at="2019-11-13T01:16:06Z">
          <reporter-output>
          </reporter-output>
        </test-method> <!-- tearDown -->
      </class> <!-- MyTest.GoogleTest -->
    </test> <!-- Google Test -->
  </suite> <!-- Thread Local Test Sanity Suite -->
</testng-results>
